{
  "stats": {
    "suites": 8,
    "tests": 22,
    "passes": 20,
    "pending": 0,
    "failures": 2,
    "start": "2021-10-16T17:35:11.091Z",
    "end": "2021-10-16T17:35:12.307Z",
    "duration": 1216,
    "testsRegistered": 22,
    "passPercent": 90.9090909090909,
    "pendingPercent": 0,
    "other": 0,
    "hasOther": false,
    "skipped": 0,
    "hasSkipped": false
  },
  "results": [
    {
      "uuid": "e57007ea-cd47-4e35-aad9-3a95873ecf95",
      "title": "",
      "fullFile": "",
      "file": "",
      "beforeHooks": [],
      "afterHooks": [],
      "tests": [],
      "suites": [
        {
          "uuid": "c2d615ae-9ff3-429a-b5db-608044c397f1",
          "title": "HTTP Comms 2: ",
          "fullFile": "C:\\Users\\danig\\Documents\\Visual Studio 2017\\Projects\\nodejs\\basic_http_server\\test\\tests2.js",
          "file": "\\test\\tests2.js",
          "beforeHooks": [],
          "afterHooks": [],
          "tests": [
            {
              "title": "should initialize web page",
              "fullTitle": "HTTP Comms 2:  should initialize web page",
              "timedOut": false,
              "duration": 33,
              "state": "passed",
              "speed": "fast",
              "pass": true,
              "fail": false,
              "pending": false,
              "context": null,
              "code": "chai.request(\"http://localhost:3000\")\n.get('/')\n.end( function(err,res){\nconsole.log(res.body)\nchai.expect(res).to.have.status(200);\ndone();\n});",
              "err": {},
              "uuid": "44ef34d9-698c-4ff6-b1b5-f48bf9e092d5",
              "parentUUID": "c2d615ae-9ff3-429a-b5db-608044c397f1",
              "isHook": false,
              "skipped": false
            }
          ],
          "suites": [],
          "passes": [
            "44ef34d9-698c-4ff6-b1b5-f48bf9e092d5"
          ],
          "failures": [],
          "pending": [],
          "skipped": [],
          "duration": 33,
          "root": false,
          "rootEmpty": false,
          "_timeout": 2000
        },
        {
          "uuid": "11b3e5e4-9bba-49e2-82f4-46aa4b944b17",
          "title": "Home Comms: ",
          "fullFile": "C:\\Users\\danig\\Documents\\Visual Studio 2017\\Projects\\nodejs\\basic_http_server\\test\\tests2.js",
          "file": "\\test\\tests2.js",
          "beforeHooks": [],
          "afterHooks": [],
          "tests": [
            {
              "title": "should initialize home",
              "fullTitle": "Home Comms:  should initialize home",
              "timedOut": false,
              "duration": 12,
              "state": "failed",
              "speed": null,
              "pass": false,
              "fail": true,
              "pending": false,
              "context": null,
              "code": "chai.request(\"http://localhost:3000/home\")\n    .get('/')\n    .end(function (err, res) {\n        console.log(res.body)\n        chai.expect(res).to.have.status(200);\n        done();\n    });",
              "err": {
                "message": "AssertionError: expected { Object (_events, _eventsCount, ...) } to have status code 200 but got 500",
                "estack": "AssertionError: expected { Object (_events, _eventsCount, ...) } to have status code 200 but got 500\n    at C:\\Users\\danig\\Documents\\Visual Studio 2017\\Projects\\nodejs\\basic_http_server\\test\\tests2.js:31:42\n    at Test.Request.callback (node_modules\\superagent\\lib\\node\\index.js:716:12)\n    at IncomingMessage.<anonymous> (node_modules\\superagent\\lib\\node\\index.js:916:18)\n    at endReadableNT (internal/streams/readable.js:1317:12)\n    at processTicksAndRejections (internal/process/task_queues.js:82:21)",
                "diff": "- 500\n+ 200\n"
              },
              "uuid": "3f59b39e-f944-458b-8ce1-79be8064b845",
              "parentUUID": "11b3e5e4-9bba-49e2-82f4-46aa4b944b17",
              "isHook": false,
              "skipped": false
            },
            {
              "title": "should initialize about",
              "fullTitle": "Home Comms:  should initialize about",
              "timedOut": false,
              "duration": 3,
              "state": "passed",
              "speed": "fast",
              "pass": true,
              "fail": false,
              "pending": false,
              "context": null,
              "code": "chai.request(\"http://localhost:3000/home/about\")\n    .get('/')\n    .end(function (err, res) {\n        console.log(res.body)\n        chai.expect(res).to.have.status(200);\n        done();\n    });",
              "err": {},
              "uuid": "8daae5ff-c8bc-42a8-8eb1-e2c5b48dcb05",
              "parentUUID": "11b3e5e4-9bba-49e2-82f4-46aa4b944b17",
              "isHook": false,
              "skipped": false
            },
            {
              "title": "should initialize info",
              "fullTitle": "Home Comms:  should initialize info",
              "timedOut": false,
              "duration": 811,
              "state": "passed",
              "speed": "slow",
              "pass": true,
              "fail": false,
              "pending": false,
              "context": null,
              "code": "chai.request(\"http://localhost:3000/home/info\")\n    .get('/')\n    .end(function (err, res) {\n        console.log(res.body)\n        chai.expect(res).to.have.status(200);\n        \n        done();\n    });",
              "err": {},
              "uuid": "5965545b-88c8-4b1b-a79d-b7536a9fad0e",
              "parentUUID": "11b3e5e4-9bba-49e2-82f4-46aa4b944b17",
              "isHook": false,
              "skipped": false
            },
            {
              "title": "should publish home address",
              "fullTitle": "Home Comms:  should publish home address",
              "timedOut": false,
              "duration": 84,
              "state": "passed",
              "speed": "slow",
              "pass": true,
              "fail": false,
              "pending": false,
              "context": null,
              "code": "chai.request(\"http://localhost:3000/home/info\")\n    .get('/')\n    .end(function (err, res) {\n        console.log(res.body)\n        chai.expect(res.body).to.deep.equal({ \"Address\": \"Santander 6 BA\" });\n        done();\n    });",
              "err": {},
              "uuid": "ef363dcc-587b-4ab4-b4e1-757386afcc2c",
              "parentUUID": "11b3e5e4-9bba-49e2-82f4-46aa4b944b17",
              "isHook": false,
              "skipped": false
            }
          ],
          "suites": [],
          "passes": [
            "8daae5ff-c8bc-42a8-8eb1-e2c5b48dcb05",
            "5965545b-88c8-4b1b-a79d-b7536a9fad0e",
            "ef363dcc-587b-4ab4-b4e1-757386afcc2c"
          ],
          "failures": [
            "3f59b39e-f944-458b-8ce1-79be8064b845"
          ],
          "pending": [],
          "skipped": [],
          "duration": 910,
          "root": false,
          "rootEmpty": false,
          "_timeout": 2000
        },
        {
          "uuid": "a907d042-dd74-4171-b319-e0a96adca062",
          "title": "pool Comms: ",
          "fullFile": "C:\\Users\\danig\\Documents\\Visual Studio 2017\\Projects\\nodejs\\basic_http_server\\test\\tests2.js",
          "file": "\\test\\tests2.js",
          "beforeHooks": [],
          "afterHooks": [],
          "tests": [
            {
              "title": "should initialize pool",
              "fullTitle": "pool Comms:  should initialize pool",
              "timedOut": false,
              "duration": 4,
              "state": "passed",
              "speed": "fast",
              "pass": true,
              "fail": false,
              "pending": false,
              "context": null,
              "code": "chai.request(\"http://localhost:3000/pool\")\n    .get('/')\n    .end(function (err, res) {\n        console.log(res.body)\n        chai.expect(res).to.have.status(200);\n        done();\n    });",
              "err": {},
              "uuid": "32497318-2bde-40a5-93a9-154ba6b00477",
              "parentUUID": "a907d042-dd74-4171-b319-e0a96adca062",
              "isHook": false,
              "skipped": false
            },
            {
              "title": "should initialize about",
              "fullTitle": "pool Comms:  should initialize about",
              "timedOut": false,
              "duration": 3,
              "state": "passed",
              "speed": "fast",
              "pass": true,
              "fail": false,
              "pending": false,
              "context": null,
              "code": "chai.request(\"http://localhost:3000/pool/about\")\n    .get('/')\n    .end(function (err, res) {\n        console.log(res.body)\n        chai.expect(res).to.have.status(200);\n        done();\n    });",
              "err": {},
              "uuid": "eb408585-c867-4d4f-b919-2f97434db837",
              "parentUUID": "a907d042-dd74-4171-b319-e0a96adca062",
              "isHook": false,
              "skipped": false
            },
            {
              "title": "should initialize info",
              "fullTitle": "pool Comms:  should initialize info",
              "timedOut": false,
              "duration": 2,
              "state": "passed",
              "speed": "fast",
              "pass": true,
              "fail": false,
              "pending": false,
              "context": null,
              "code": "chai.request(\"http://localhost:3000/pool/info\")\n    .get('/')\n    .end(function (err, res) {\n        console.log(res.body)\n        chai.expect(res).to.have.status(200);\n        done();\n    });",
              "err": {},
              "uuid": "fb30cbf1-23fa-4c28-8f7e-12dae212274c",
              "parentUUID": "a907d042-dd74-4171-b319-e0a96adca062",
              "isHook": false,
              "skipped": false
            }
          ],
          "suites": [],
          "passes": [
            "32497318-2bde-40a5-93a9-154ba6b00477",
            "eb408585-c867-4d4f-b919-2f97434db837",
            "fb30cbf1-23fa-4c28-8f7e-12dae212274c"
          ],
          "failures": [],
          "pending": [],
          "skipped": [],
          "duration": 9,
          "root": false,
          "rootEmpty": false,
          "_timeout": 2000
        },
        {
          "uuid": "37198b78-1313-46fe-ac4e-2623f39ec662",
          "title": "Garden Comms: ",
          "fullFile": "C:\\Users\\danig\\Documents\\Visual Studio 2017\\Projects\\nodejs\\basic_http_server\\test\\tests2.js",
          "file": "\\test\\tests2.js",
          "beforeHooks": [],
          "afterHooks": [],
          "tests": [
            {
              "title": "should initialize home",
              "fullTitle": "Garden Comms:  should initialize home",
              "timedOut": false,
              "duration": 4,
              "state": "passed",
              "speed": "fast",
              "pass": true,
              "fail": false,
              "pending": false,
              "context": null,
              "code": "chai.request(\"http://localhost:3000/garden\")\n    .get('/')\n    .end(function (err, res) {\n        console.log(res.body)\n        chai.expect(res).to.have.status(200);\n        done();\n    });",
              "err": {},
              "uuid": "9dc20f22-b815-4012-9ba1-88827b03b49c",
              "parentUUID": "37198b78-1313-46fe-ac4e-2623f39ec662",
              "isHook": false,
              "skipped": false
            },
            {
              "title": "should initialize about",
              "fullTitle": "Garden Comms:  should initialize about",
              "timedOut": false,
              "duration": 3,
              "state": "passed",
              "speed": "fast",
              "pass": true,
              "fail": false,
              "pending": false,
              "context": null,
              "code": "chai.request(\"http://localhost:3000/garden/about\")\n    .get('/')\n    .end(function (err, res) {\n        console.log(res.body)\n        chai.expect(res).to.have.status(200);\n        done();\n    });",
              "err": {},
              "uuid": "15415fd0-4929-4773-8a0d-40d096ba8adf",
              "parentUUID": "37198b78-1313-46fe-ac4e-2623f39ec662",
              "isHook": false,
              "skipped": false
            },
            {
              "title": "should initialize info",
              "fullTitle": "Garden Comms:  should initialize info",
              "timedOut": false,
              "duration": 3,
              "state": "passed",
              "speed": "fast",
              "pass": true,
              "fail": false,
              "pending": false,
              "context": null,
              "code": "chai.request(\"http://localhost:3000/garden/info\")\n    .get('/')\n    .end(function (err, res) {\n        console.log(res.body)\n        chai.expect(res).to.have.status(200);\n        done();\n    });",
              "err": {},
              "uuid": "00f6e9ed-f69e-41b4-b0cf-b4b426aa6c8a",
              "parentUUID": "37198b78-1313-46fe-ac4e-2623f39ec662",
              "isHook": false,
              "skipped": false
            }
          ],
          "suites": [],
          "passes": [
            "9dc20f22-b815-4012-9ba1-88827b03b49c",
            "15415fd0-4929-4773-8a0d-40d096ba8adf",
            "00f6e9ed-f69e-41b4-b0cf-b4b426aa6c8a"
          ],
          "failures": [],
          "pending": [],
          "skipped": [],
          "duration": 10,
          "root": false,
          "rootEmpty": false,
          "_timeout": 2000
        },
        {
          "uuid": "ce99e543-01c0-4c4e-ab9c-616a29260b40",
          "title": "HTTP Comms: ",
          "fullFile": "C:\\Users\\danig\\Documents\\Visual Studio 2017\\Projects\\nodejs\\basic_http_server\\test\\validator.js",
          "file": "\\test\\validator.js",
          "beforeHooks": [],
          "afterHooks": [],
          "tests": [
            {
              "title": "should initialize web page",
              "fullTitle": "HTTP Comms:  should initialize web page",
              "timedOut": false,
              "duration": 3,
              "state": "passed",
              "speed": "fast",
              "pass": true,
              "fail": false,
              "pending": false,
              "context": null,
              "code": "chai.request(\"http://localhost:3000\")\n.get('/')\n.end( function(err,res){\nconsole.log(res.body)\nchai.expect(res).to.have.status(200);\ndone();\n});",
              "err": {},
              "uuid": "c58c5b35-4b68-4031-b10c-be179aac2f53",
              "parentUUID": "ce99e543-01c0-4c4e-ab9c-616a29260b40",
              "isHook": false,
              "skipped": false
            }
          ],
          "suites": [],
          "passes": [
            "c58c5b35-4b68-4031-b10c-be179aac2f53"
          ],
          "failures": [],
          "pending": [],
          "skipped": [],
          "duration": 3,
          "root": false,
          "rootEmpty": false,
          "_timeout": 2000
        },
        {
          "uuid": "60216b74-9e51-4ee1-80ef-fe5bc069b546",
          "title": "Home Comms: ",
          "fullFile": "C:\\Users\\danig\\Documents\\Visual Studio 2017\\Projects\\nodejs\\basic_http_server\\test\\validator.js",
          "file": "\\test\\validator.js",
          "beforeHooks": [],
          "afterHooks": [],
          "tests": [
            {
              "title": "should initialize home",
              "fullTitle": "Home Comms:  should initialize home",
              "timedOut": false,
              "duration": 7,
              "state": "failed",
              "speed": null,
              "pass": false,
              "fail": true,
              "pending": false,
              "context": null,
              "code": "chai.request(\"http://localhost:3000/home\")\n    .get('/')\n    .end(function (err, res) {\n        console.log(res.body)\n        chai.expect(res).to.have.status(200);\n        done();\n    });",
              "err": {
                "message": "AssertionError: expected { Object (_events, _eventsCount, ...) } to have status code 200 but got 500",
                "estack": "AssertionError: expected { Object (_events, _eventsCount, ...) } to have status code 200 but got 500\n    at C:\\Users\\danig\\Documents\\Visual Studio 2017\\Projects\\nodejs\\basic_http_server\\test\\validator.js:32:42\n    at Test.Request.callback (node_modules\\superagent\\lib\\node\\index.js:716:12)\n    at IncomingMessage.<anonymous> (node_modules\\superagent\\lib\\node\\index.js:916:18)\n    at endReadableNT (internal/streams/readable.js:1317:12)\n    at processTicksAndRejections (internal/process/task_queues.js:82:21)",
                "diff": "- 500\n+ 200\n"
              },
              "uuid": "c3cf1af7-bd0f-4fdf-8f40-91bda8685824",
              "parentUUID": "60216b74-9e51-4ee1-80ef-fe5bc069b546",
              "isHook": false,
              "skipped": false
            },
            {
              "title": "should initialize about",
              "fullTitle": "Home Comms:  should initialize about",
              "timedOut": false,
              "duration": 2,
              "state": "passed",
              "speed": "fast",
              "pass": true,
              "fail": false,
              "pending": false,
              "context": null,
              "code": "chai.request(\"http://localhost:3000/home/about\")\n    .get('/')\n    .end(function (err, res) {\n        console.log(res.body)\n        chai.expect(res).to.have.status(200);\n        done();\n    });",
              "err": {},
              "uuid": "abaa2478-0d64-4ab1-93ed-588932198951",
              "parentUUID": "60216b74-9e51-4ee1-80ef-fe5bc069b546",
              "isHook": false,
              "skipped": false
            },
            {
              "title": "should initialize info",
              "fullTitle": "Home Comms:  should initialize info",
              "timedOut": false,
              "duration": 63,
              "state": "passed",
              "speed": "medium",
              "pass": true,
              "fail": false,
              "pending": false,
              "context": null,
              "code": "chai.request(\"http://localhost:3000/home/info\")\n    .get('/')\n    .end(function (err, res) {\n        console.log(res.body)\n        chai.expect(res).to.have.status(200);\n        \n        done();\n    });",
              "err": {},
              "uuid": "6b05e9e4-471d-4c26-8136-0f30a72f79f7",
              "parentUUID": "60216b74-9e51-4ee1-80ef-fe5bc069b546",
              "isHook": false,
              "skipped": false
            },
            {
              "title": "should publish home address",
              "fullTitle": "Home Comms:  should publish home address",
              "timedOut": false,
              "duration": 107,
              "state": "passed",
              "speed": "slow",
              "pass": true,
              "fail": false,
              "pending": false,
              "context": null,
              "code": "chai.request(\"http://localhost:3000/home/info\")\n    .get('/')\n    .end(function (err, res) {\n        console.log(res.body)\n        chai.expect(res.body).to.deep.equal({ \"Address\": \"Santander 6 BA\" });\n        done();\n    });",
              "err": {},
              "uuid": "10ff9763-617d-4aa8-9daa-c0437d79ae68",
              "parentUUID": "60216b74-9e51-4ee1-80ef-fe5bc069b546",
              "isHook": false,
              "skipped": false
            }
          ],
          "suites": [],
          "passes": [
            "abaa2478-0d64-4ab1-93ed-588932198951",
            "6b05e9e4-471d-4c26-8136-0f30a72f79f7",
            "10ff9763-617d-4aa8-9daa-c0437d79ae68"
          ],
          "failures": [
            "c3cf1af7-bd0f-4fdf-8f40-91bda8685824"
          ],
          "pending": [],
          "skipped": [],
          "duration": 179,
          "root": false,
          "rootEmpty": false,
          "_timeout": 2000
        },
        {
          "uuid": "ca9b890a-632d-491c-9530-fa9a49edb7fa",
          "title": "pool Comms: ",
          "fullFile": "C:\\Users\\danig\\Documents\\Visual Studio 2017\\Projects\\nodejs\\basic_http_server\\test\\validator.js",
          "file": "\\test\\validator.js",
          "beforeHooks": [],
          "afterHooks": [],
          "tests": [
            {
              "title": "should initialize pool",
              "fullTitle": "pool Comms:  should initialize pool",
              "timedOut": false,
              "duration": 3,
              "state": "passed",
              "speed": "fast",
              "pass": true,
              "fail": false,
              "pending": false,
              "context": null,
              "code": "chai.request(\"http://localhost:3000/pool\")\n    .get('/')\n    .end(function (err, res) {\n        console.log(res.body)\n        chai.expect(res).to.have.status(200);\n        done();\n    });",
              "err": {},
              "uuid": "c631ee74-dd2c-4799-8928-ef4b3f217e7f",
              "parentUUID": "ca9b890a-632d-491c-9530-fa9a49edb7fa",
              "isHook": false,
              "skipped": false
            },
            {
              "title": "should initialize about",
              "fullTitle": "pool Comms:  should initialize about",
              "timedOut": false,
              "duration": 3,
              "state": "passed",
              "speed": "fast",
              "pass": true,
              "fail": false,
              "pending": false,
              "context": null,
              "code": "chai.request(\"http://localhost:3000/pool/about\")\n    .get('/')\n    .end(function (err, res) {\n        console.log(res.body)\n        chai.expect(res).to.have.status(200);\n        done();\n    });",
              "err": {},
              "uuid": "61700032-15f8-471c-bb3f-97f6a1cd1606",
              "parentUUID": "ca9b890a-632d-491c-9530-fa9a49edb7fa",
              "isHook": false,
              "skipped": false
            },
            {
              "title": "should initialize info",
              "fullTitle": "pool Comms:  should initialize info",
              "timedOut": false,
              "duration": 4,
              "state": "passed",
              "speed": "fast",
              "pass": true,
              "fail": false,
              "pending": false,
              "context": null,
              "code": "chai.request(\"http://localhost:3000/pool/info\")\n    .get('/')\n    .end(function (err, res) {\n        console.log(res.body)\n        chai.expect(res).to.have.status(200);\n        done();\n    });",
              "err": {},
              "uuid": "4b82d8a8-d1cf-4ee6-856d-a7288cdb108e",
              "parentUUID": "ca9b890a-632d-491c-9530-fa9a49edb7fa",
              "isHook": false,
              "skipped": false
            }
          ],
          "suites": [],
          "passes": [
            "c631ee74-dd2c-4799-8928-ef4b3f217e7f",
            "61700032-15f8-471c-bb3f-97f6a1cd1606",
            "4b82d8a8-d1cf-4ee6-856d-a7288cdb108e"
          ],
          "failures": [],
          "pending": [],
          "skipped": [],
          "duration": 10,
          "root": false,
          "rootEmpty": false,
          "_timeout": 2000
        },
        {
          "uuid": "dd5392d3-ba54-4ff3-a41a-8778638354cf",
          "title": "Garden Comms: ",
          "fullFile": "C:\\Users\\danig\\Documents\\Visual Studio 2017\\Projects\\nodejs\\basic_http_server\\test\\validator.js",
          "file": "\\test\\validator.js",
          "beforeHooks": [],
          "afterHooks": [],
          "tests": [
            {
              "title": "should initialize home",
              "fullTitle": "Garden Comms:  should initialize home",
              "timedOut": false,
              "duration": 3,
              "state": "passed",
              "speed": "fast",
              "pass": true,
              "fail": false,
              "pending": false,
              "context": null,
              "code": "chai.request(\"http://localhost:3000/garden\")\n    .get('/')\n    .end(function (err, res) {\n        console.log(res.body)\n        chai.expect(res).to.have.status(200);\n        done();\n    });",
              "err": {},
              "uuid": "d8d0b809-b975-4104-a036-7d591eadfb8e",
              "parentUUID": "dd5392d3-ba54-4ff3-a41a-8778638354cf",
              "isHook": false,
              "skipped": false
            },
            {
              "title": "should initialize about",
              "fullTitle": "Garden Comms:  should initialize about",
              "timedOut": false,
              "duration": 3,
              "state": "passed",
              "speed": "fast",
              "pass": true,
              "fail": false,
              "pending": false,
              "context": null,
              "code": "chai.request(\"http://localhost:3000/garden/about\")\n    .get('/')\n    .end(function (err, res) {\n        console.log(res.body)\n        chai.expect(res).to.have.status(200);\n        done();\n    });",
              "err": {},
              "uuid": "b9ad8912-da43-44fb-9bbb-6307c0c48d13",
              "parentUUID": "dd5392d3-ba54-4ff3-a41a-8778638354cf",
              "isHook": false,
              "skipped": false
            },
            {
              "title": "should initialize info",
              "fullTitle": "Garden Comms:  should initialize info",
              "timedOut": false,
              "duration": 2,
              "state": "passed",
              "speed": "fast",
              "pass": true,
              "fail": false,
              "pending": false,
              "context": null,
              "code": "chai.request(\"http://localhost:3000/garden/info\")\n    .get('/')\n    .end(function (err, res) {\n        console.log(res.body)\n        chai.expect(res).to.have.status(200);\n        done();\n    });",
              "err": {},
              "uuid": "5c678b46-d932-4005-bc1d-0eb1f3e33bd0",
              "parentUUID": "dd5392d3-ba54-4ff3-a41a-8778638354cf",
              "isHook": false,
              "skipped": false
            }
          ],
          "suites": [],
          "passes": [
            "d8d0b809-b975-4104-a036-7d591eadfb8e",
            "b9ad8912-da43-44fb-9bbb-6307c0c48d13",
            "5c678b46-d932-4005-bc1d-0eb1f3e33bd0"
          ],
          "failures": [],
          "pending": [],
          "skipped": [],
          "duration": 8,
          "root": false,
          "rootEmpty": false,
          "_timeout": 2000
        }
      ],
      "passes": [],
      "failures": [],
      "pending": [],
      "skipped": [],
      "duration": 0,
      "root": true,
      "rootEmpty": true,
      "_timeout": 2000
    }
  ],
  "meta": {
    "mocha": {
      "version": "9.1.0"
    },
    "mochawesome": {
      "options": {
        "quiet": false,
        "reportFilename": "mochawesome",
        "saveHtml": true,
        "saveJson": true,
        "consoleReporter": "spec",
        "useInlineDiffs": false,
        "code": true
      },
      "version": "6.2.2"
    },
    "marge": {
      "options": null,
      "version": "5.2.0"
    }
  }
}