{
  "stats": {
    "suites": 8,
    "tests": 22,
    "passes": 22,
    "pending": 0,
    "failures": 0,
    "start": "2021-10-16T18:03:49.740Z",
    "end": "2021-10-16T18:03:52.912Z",
    "duration": 3172,
    "testsRegistered": 22,
    "passPercent": 100,
    "pendingPercent": 0,
    "other": 0,
    "hasOther": false,
    "skipped": 0,
    "hasSkipped": false
  },
  "results": [
    {
      "uuid": "167e6c3b-4b58-4b4d-805f-fe3987a33102",
      "title": "",
      "fullFile": "",
      "file": "",
      "beforeHooks": [],
      "afterHooks": [],
      "tests": [],
      "suites": [
        {
          "uuid": "0210cdfa-44a8-4b6f-8a92-909357ab7b12",
          "title": "Heroku basic init test: ",
          "fullFile": "C:\\Users\\danig\\Documents\\Visual Studio 2017\\Projects\\nodejs\\basic_http_server\\test\\testsHeroku.js",
          "file": "\\test\\testsHeroku.js",
          "beforeHooks": [],
          "afterHooks": [],
          "tests": [
            {
              "title": "should initialize web page",
              "fullTitle": "Heroku basic init test:  should initialize web page",
              "timedOut": false,
              "duration": 239,
              "state": "passed",
              "speed": "slow",
              "pass": true,
              "fail": false,
              "pending": false,
              "context": null,
              "code": "chai.request(\"https://http-server-home.herokuapp.com\")\n.get('/')\n.end( function(err,res){\nconsole.log(res.body)\nchai.expect(res).to.have.status(200);\ndone();\n});",
              "err": {},
              "uuid": "0dc6dad5-7b88-40de-9601-9e58d83a940d",
              "parentUUID": "0210cdfa-44a8-4b6f-8a92-909357ab7b12",
              "isHook": false,
              "skipped": false
            }
          ],
          "suites": [],
          "passes": [
            "0dc6dad5-7b88-40de-9601-9e58d83a940d"
          ],
          "failures": [],
          "pending": [],
          "skipped": [],
          "duration": 239,
          "root": false,
          "rootEmpty": false,
          "_timeout": 2000
        },
        {
          "uuid": "24226a86-95b3-4320-b886-c04e36bfc17b",
          "title": "Home Comms: ",
          "fullFile": "C:\\Users\\danig\\Documents\\Visual Studio 2017\\Projects\\nodejs\\basic_http_server\\test\\testsHeroku.js",
          "file": "\\test\\testsHeroku.js",
          "beforeHooks": [],
          "afterHooks": [],
          "tests": [
            {
              "title": "should initialize home",
              "fullTitle": "Home Comms:  should initialize home",
              "timedOut": false,
              "duration": 154,
              "state": "passed",
              "speed": "slow",
              "pass": true,
              "fail": false,
              "pending": false,
              "context": null,
              "code": "chai.request(\"https://http-server-home.herokuapp.com/home\")\n    .get('/')\n    .end(function (err, res) {\n        console.log(res.body)\n        chai.expect(res).to.have.status(200);\n        done();\n    });",
              "err": {},
              "uuid": "8aa6ea18-961d-49f1-8d7f-9d75658421de",
              "parentUUID": "24226a86-95b3-4320-b886-c04e36bfc17b",
              "isHook": false,
              "skipped": false
            },
            {
              "title": "should initialize about",
              "fullTitle": "Home Comms:  should initialize about",
              "timedOut": false,
              "duration": 158,
              "state": "passed",
              "speed": "slow",
              "pass": true,
              "fail": false,
              "pending": false,
              "context": null,
              "code": "chai.request(\"https://http-server-home.herokuapp.com/home/about\")\n    .get('/')\n    .end(function (err, res) {\n        console.log(res.body)\n        chai.expect(res).to.have.status(200);\n        done();\n    });",
              "err": {},
              "uuid": "3635d037-2a59-47d1-9827-e99d44ca7dac",
              "parentUUID": "24226a86-95b3-4320-b886-c04e36bfc17b",
              "isHook": false,
              "skipped": false
            },
            {
              "title": "should initialize info",
              "fullTitle": "Home Comms:  should initialize info",
              "timedOut": false,
              "duration": 220,
              "state": "passed",
              "speed": "slow",
              "pass": true,
              "fail": false,
              "pending": false,
              "context": null,
              "code": "chai.request(\"https://http-server-home.herokuapp.com/home/info\")\n    .get('/')\n    .end(function (err, res) {\n        console.log(res.body)\n        chai.expect(res).to.have.status(200);\n        \n        done();\n    });",
              "err": {},
              "uuid": "327ccf32-e284-4ae3-b094-f1a647c02f3f",
              "parentUUID": "24226a86-95b3-4320-b886-c04e36bfc17b",
              "isHook": false,
              "skipped": false
            },
            {
              "title": "should publish home address",
              "fullTitle": "Home Comms:  should publish home address",
              "timedOut": false,
              "duration": 412,
              "state": "passed",
              "speed": "slow",
              "pass": true,
              "fail": false,
              "pending": false,
              "context": null,
              "code": "chai.request(\"https://http-server-home.herokuapp.com/home/info\")\n    .get('/')\n    .end(function (err, res) {\n        console.log(res.body)\n        chai.expect(res.body).to.deep.equal({ \"Address\": \"Santander 6 BA\" });\n        done();\n    });",
              "err": {},
              "uuid": "fed4d9e2-b183-4234-93d6-e99410d857a6",
              "parentUUID": "24226a86-95b3-4320-b886-c04e36bfc17b",
              "isHook": false,
              "skipped": false
            }
          ],
          "suites": [],
          "passes": [
            "8aa6ea18-961d-49f1-8d7f-9d75658421de",
            "3635d037-2a59-47d1-9827-e99d44ca7dac",
            "327ccf32-e284-4ae3-b094-f1a647c02f3f",
            "fed4d9e2-b183-4234-93d6-e99410d857a6"
          ],
          "failures": [],
          "pending": [],
          "skipped": [],
          "duration": 944,
          "root": false,
          "rootEmpty": false,
          "_timeout": 2000
        },
        {
          "uuid": "f30b8bd0-1148-44c3-b48e-bc8f5cd9abd8",
          "title": "pool Comms: ",
          "fullFile": "C:\\Users\\danig\\Documents\\Visual Studio 2017\\Projects\\nodejs\\basic_http_server\\test\\testsHeroku.js",
          "file": "\\test\\testsHeroku.js",
          "beforeHooks": [],
          "afterHooks": [],
          "tests": [
            {
              "title": "should initialize pool",
              "fullTitle": "pool Comms:  should initialize pool",
              "timedOut": false,
              "duration": 156,
              "state": "passed",
              "speed": "slow",
              "pass": true,
              "fail": false,
              "pending": false,
              "context": null,
              "code": "chai.request(\"https://http-server-home.herokuapp.com/pool\")\n    .get('/')\n    .end(function (err, res) {\n        console.log(res.body)\n        chai.expect(res).to.have.status(200);\n        done();\n    });",
              "err": {},
              "uuid": "7a2896f4-4440-4651-9b1e-b56d568891a3",
              "parentUUID": "f30b8bd0-1148-44c3-b48e-bc8f5cd9abd8",
              "isHook": false,
              "skipped": false
            },
            {
              "title": "should initialize about",
              "fullTitle": "pool Comms:  should initialize about",
              "timedOut": false,
              "duration": 166,
              "state": "passed",
              "speed": "slow",
              "pass": true,
              "fail": false,
              "pending": false,
              "context": null,
              "code": "chai.request(\"https://http-server-home.herokuapp.com/pool/about\")\n    .get('/')\n    .end(function (err, res) {\n        console.log(res.body)\n        chai.expect(res).to.have.status(200);\n        done();\n    });",
              "err": {},
              "uuid": "36dd5294-0ba5-4f5f-aa5c-0a7e0667f74b",
              "parentUUID": "f30b8bd0-1148-44c3-b48e-bc8f5cd9abd8",
              "isHook": false,
              "skipped": false
            },
            {
              "title": "should initialize info",
              "fullTitle": "pool Comms:  should initialize info",
              "timedOut": false,
              "duration": 159,
              "state": "passed",
              "speed": "slow",
              "pass": true,
              "fail": false,
              "pending": false,
              "context": null,
              "code": "chai.request(\"https://http-server-home.herokuapp.com/pool/info\")\n    .get('/')\n    .end(function (err, res) {\n        console.log(res.body)\n        chai.expect(res).to.have.status(200);\n        done();\n    });",
              "err": {},
              "uuid": "e3fbf025-747c-456c-aeec-e0ded08d20ef",
              "parentUUID": "f30b8bd0-1148-44c3-b48e-bc8f5cd9abd8",
              "isHook": false,
              "skipped": false
            }
          ],
          "suites": [],
          "passes": [
            "7a2896f4-4440-4651-9b1e-b56d568891a3",
            "36dd5294-0ba5-4f5f-aa5c-0a7e0667f74b",
            "e3fbf025-747c-456c-aeec-e0ded08d20ef"
          ],
          "failures": [],
          "pending": [],
          "skipped": [],
          "duration": 481,
          "root": false,
          "rootEmpty": false,
          "_timeout": 2000
        },
        {
          "uuid": "b6cdeb2e-f49f-442b-9bc3-6a35c6a87345",
          "title": "Garden Comms: ",
          "fullFile": "C:\\Users\\danig\\Documents\\Visual Studio 2017\\Projects\\nodejs\\basic_http_server\\test\\testsHeroku.js",
          "file": "\\test\\testsHeroku.js",
          "beforeHooks": [],
          "afterHooks": [],
          "tests": [
            {
              "title": "should initialize home",
              "fullTitle": "Garden Comms:  should initialize home",
              "timedOut": false,
              "duration": 207,
              "state": "passed",
              "speed": "slow",
              "pass": true,
              "fail": false,
              "pending": false,
              "context": null,
              "code": "chai.request(\"https://http-server-home.herokuapp.com/garden\")\n    .get('/')\n    .end(function (err, res) {\n        console.log(res.body)\n        chai.expect(res).to.have.status(200);\n        done();\n    });",
              "err": {},
              "uuid": "7dee1f07-aeed-4105-8bdc-8775d05c8b89",
              "parentUUID": "b6cdeb2e-f49f-442b-9bc3-6a35c6a87345",
              "isHook": false,
              "skipped": false
            },
            {
              "title": "should initialize about",
              "fullTitle": "Garden Comms:  should initialize about",
              "timedOut": false,
              "duration": 283,
              "state": "passed",
              "speed": "slow",
              "pass": true,
              "fail": false,
              "pending": false,
              "context": null,
              "code": "chai.request(\"https://http-server-home.herokuapp.com/garden/about\")\n    .get('/')\n    .end(function (err, res) {\n        console.log(res.body)\n        chai.expect(res).to.have.status(200);\n        done();\n    });",
              "err": {},
              "uuid": "2475dfea-3471-480e-8569-1b825408893b",
              "parentUUID": "b6cdeb2e-f49f-442b-9bc3-6a35c6a87345",
              "isHook": false,
              "skipped": false
            },
            {
              "title": "should initialize info",
              "fullTitle": "Garden Comms:  should initialize info",
              "timedOut": false,
              "duration": 160,
              "state": "passed",
              "speed": "slow",
              "pass": true,
              "fail": false,
              "pending": false,
              "context": null,
              "code": "chai.request(\"https://http-server-home.herokuapp.com/garden/info\")\n    .get('/')\n    .end(function (err, res) {\n        console.log(res.body)\n        chai.expect(res).to.have.status(200);\n        done();\n    });",
              "err": {},
              "uuid": "c570db19-2c9d-417f-b6b8-2c1a5c89b4ef",
              "parentUUID": "b6cdeb2e-f49f-442b-9bc3-6a35c6a87345",
              "isHook": false,
              "skipped": false
            }
          ],
          "suites": [],
          "passes": [
            "7dee1f07-aeed-4105-8bdc-8775d05c8b89",
            "2475dfea-3471-480e-8569-1b825408893b",
            "c570db19-2c9d-417f-b6b8-2c1a5c89b4ef"
          ],
          "failures": [],
          "pending": [],
          "skipped": [],
          "duration": 650,
          "root": false,
          "rootEmpty": false,
          "_timeout": 2000
        },
        {
          "uuid": "11529de7-530d-44bb-8dd2-bfdcbe7820fb",
          "title": "HTTP Comms: ",
          "fullFile": "C:\\Users\\danig\\Documents\\Visual Studio 2017\\Projects\\nodejs\\basic_http_server\\test\\validator.js",
          "file": "\\test\\validator.js",
          "beforeHooks": [],
          "afterHooks": [],
          "tests": [
            {
              "title": "should initialize web page",
              "fullTitle": "HTTP Comms:  should initialize web page",
              "timedOut": false,
              "duration": 12,
              "state": "passed",
              "speed": "fast",
              "pass": true,
              "fail": false,
              "pending": false,
              "context": null,
              "code": "chai.request(\"http://localhost:3000\")\n.get('/')\n.end( function(err,res){\nconsole.log(res.body)\nchai.expect(res).to.have.status(200);\ndone();\n});",
              "err": {},
              "uuid": "13965a11-7a5c-4a78-96df-b9129bc3c75b",
              "parentUUID": "11529de7-530d-44bb-8dd2-bfdcbe7820fb",
              "isHook": false,
              "skipped": false
            }
          ],
          "suites": [],
          "passes": [
            "13965a11-7a5c-4a78-96df-b9129bc3c75b"
          ],
          "failures": [],
          "pending": [],
          "skipped": [],
          "duration": 12,
          "root": false,
          "rootEmpty": false,
          "_timeout": 2000
        },
        {
          "uuid": "a875f4d4-eee8-45dc-b02f-ea33b4fabdc7",
          "title": "Home Comms: ",
          "fullFile": "C:\\Users\\danig\\Documents\\Visual Studio 2017\\Projects\\nodejs\\basic_http_server\\test\\validator.js",
          "file": "\\test\\validator.js",
          "beforeHooks": [],
          "afterHooks": [],
          "tests": [
            {
              "title": "should initialize home",
              "fullTitle": "Home Comms:  should initialize home",
              "timedOut": false,
              "duration": 3,
              "state": "passed",
              "speed": "fast",
              "pass": true,
              "fail": false,
              "pending": false,
              "context": null,
              "code": "chai.request(\"http://localhost:3000/home\")\n    .get('/')\n    .end(function (err, res) {\n        console.log(res.body)\n        chai.expect(res).to.have.status(200);\n        done();\n    });",
              "err": {},
              "uuid": "88299b93-ab9a-4c8c-93fc-f5c2e8956d8a",
              "parentUUID": "a875f4d4-eee8-45dc-b02f-ea33b4fabdc7",
              "isHook": false,
              "skipped": false
            },
            {
              "title": "should initialize about",
              "fullTitle": "Home Comms:  should initialize about",
              "timedOut": false,
              "duration": 4,
              "state": "passed",
              "speed": "fast",
              "pass": true,
              "fail": false,
              "pending": false,
              "context": null,
              "code": "chai.request(\"http://localhost:3000/home/about\")\n    .get('/')\n    .end(function (err, res) {\n        console.log(res.body)\n        chai.expect(res).to.have.status(200);\n        done();\n    });",
              "err": {},
              "uuid": "1fb19fdd-219b-490f-9400-99d2a7a294b4",
              "parentUUID": "a875f4d4-eee8-45dc-b02f-ea33b4fabdc7",
              "isHook": false,
              "skipped": false
            },
            {
              "title": "should initialize info",
              "fullTitle": "Home Comms:  should initialize info",
              "timedOut": false,
              "duration": 693,
              "state": "passed",
              "speed": "slow",
              "pass": true,
              "fail": false,
              "pending": false,
              "context": null,
              "code": "chai.request(\"http://localhost:3000/home/info\")\n    .get('/')\n    .end(function (err, res) {\n        console.log(res.body)\n        chai.expect(res).to.have.status(200);\n        \n        done();\n    });",
              "err": {},
              "uuid": "1207da64-65c0-47ba-8a7e-db2045b3d7fa",
              "parentUUID": "a875f4d4-eee8-45dc-b02f-ea33b4fabdc7",
              "isHook": false,
              "skipped": false
            },
            {
              "title": "should publish home address",
              "fullTitle": "Home Comms:  should publish home address",
              "timedOut": false,
              "duration": 63,
              "state": "passed",
              "speed": "medium",
              "pass": true,
              "fail": false,
              "pending": false,
              "context": null,
              "code": "chai.request(\"http://localhost:3000/home/info\")\n    .get('/')\n    .end(function (err, res) {\n        console.log(res.body)\n        chai.expect(res.body).to.deep.equal({ \"Address\": \"Santander 6 BA\" });\n        done();\n    });",
              "err": {},
              "uuid": "9a14d9d2-7670-43f9-bd28-076dbb7dcda7",
              "parentUUID": "a875f4d4-eee8-45dc-b02f-ea33b4fabdc7",
              "isHook": false,
              "skipped": false
            }
          ],
          "suites": [],
          "passes": [
            "88299b93-ab9a-4c8c-93fc-f5c2e8956d8a",
            "1fb19fdd-219b-490f-9400-99d2a7a294b4",
            "1207da64-65c0-47ba-8a7e-db2045b3d7fa",
            "9a14d9d2-7670-43f9-bd28-076dbb7dcda7"
          ],
          "failures": [],
          "pending": [],
          "skipped": [],
          "duration": 763,
          "root": false,
          "rootEmpty": false,
          "_timeout": 2000
        },
        {
          "uuid": "66c3a912-cb51-4c1a-a3fc-31170c1e3f82",
          "title": "pool Comms: ",
          "fullFile": "C:\\Users\\danig\\Documents\\Visual Studio 2017\\Projects\\nodejs\\basic_http_server\\test\\validator.js",
          "file": "\\test\\validator.js",
          "beforeHooks": [],
          "afterHooks": [],
          "tests": [
            {
              "title": "should initialize pool",
              "fullTitle": "pool Comms:  should initialize pool",
              "timedOut": false,
              "duration": 3,
              "state": "passed",
              "speed": "fast",
              "pass": true,
              "fail": false,
              "pending": false,
              "context": null,
              "code": "chai.request(\"http://localhost:3000/pool\")\n    .get('/')\n    .end(function (err, res) {\n        console.log(res.body)\n        chai.expect(res).to.have.status(200);\n        done();\n    });",
              "err": {},
              "uuid": "16ef3ab9-9d7c-4ee7-a772-6e7ebfc317be",
              "parentUUID": "66c3a912-cb51-4c1a-a3fc-31170c1e3f82",
              "isHook": false,
              "skipped": false
            },
            {
              "title": "should initialize about",
              "fullTitle": "pool Comms:  should initialize about",
              "timedOut": false,
              "duration": 3,
              "state": "passed",
              "speed": "fast",
              "pass": true,
              "fail": false,
              "pending": false,
              "context": null,
              "code": "chai.request(\"http://localhost:3000/pool/about\")\n    .get('/')\n    .end(function (err, res) {\n        console.log(res.body)\n        chai.expect(res).to.have.status(200);\n        done();\n    });",
              "err": {},
              "uuid": "921a2edd-0ab5-41a3-8739-93e4cfac8fe3",
              "parentUUID": "66c3a912-cb51-4c1a-a3fc-31170c1e3f82",
              "isHook": false,
              "skipped": false
            },
            {
              "title": "should initialize info",
              "fullTitle": "pool Comms:  should initialize info",
              "timedOut": false,
              "duration": 3,
              "state": "passed",
              "speed": "fast",
              "pass": true,
              "fail": false,
              "pending": false,
              "context": null,
              "code": "chai.request(\"http://localhost:3000/pool/info\")\n    .get('/')\n    .end(function (err, res) {\n        console.log(res.body)\n        chai.expect(res).to.have.status(200);\n        done();\n    });",
              "err": {},
              "uuid": "747034ef-725a-47a9-abb5-cb18412510c5",
              "parentUUID": "66c3a912-cb51-4c1a-a3fc-31170c1e3f82",
              "isHook": false,
              "skipped": false
            }
          ],
          "suites": [],
          "passes": [
            "16ef3ab9-9d7c-4ee7-a772-6e7ebfc317be",
            "921a2edd-0ab5-41a3-8739-93e4cfac8fe3",
            "747034ef-725a-47a9-abb5-cb18412510c5"
          ],
          "failures": [],
          "pending": [],
          "skipped": [],
          "duration": 9,
          "root": false,
          "rootEmpty": false,
          "_timeout": 2000
        },
        {
          "uuid": "6c13802e-6da0-4fa9-a6c5-f49e5e7e6229",
          "title": "Garden Comms: ",
          "fullFile": "C:\\Users\\danig\\Documents\\Visual Studio 2017\\Projects\\nodejs\\basic_http_server\\test\\validator.js",
          "file": "\\test\\validator.js",
          "beforeHooks": [],
          "afterHooks": [],
          "tests": [
            {
              "title": "should initialize home",
              "fullTitle": "Garden Comms:  should initialize home",
              "timedOut": false,
              "duration": 2,
              "state": "passed",
              "speed": "fast",
              "pass": true,
              "fail": false,
              "pending": false,
              "context": null,
              "code": "chai.request(\"http://localhost:3000/garden\")\n    .get('/')\n    .end(function (err, res) {\n        console.log(res.body)\n        chai.expect(res).to.have.status(200);\n        done();\n    });",
              "err": {},
              "uuid": "9dab55e0-5140-4cd5-8c9c-f726758c561e",
              "parentUUID": "6c13802e-6da0-4fa9-a6c5-f49e5e7e6229",
              "isHook": false,
              "skipped": false
            },
            {
              "title": "should initialize about",
              "fullTitle": "Garden Comms:  should initialize about",
              "timedOut": false,
              "duration": 3,
              "state": "passed",
              "speed": "fast",
              "pass": true,
              "fail": false,
              "pending": false,
              "context": null,
              "code": "chai.request(\"http://localhost:3000/garden/about\")\n    .get('/')\n    .end(function (err, res) {\n        console.log(res.body)\n        chai.expect(res).to.have.status(200);\n        done();\n    });",
              "err": {},
              "uuid": "e66a7ec3-bf4f-4b5d-89a8-b6b46662425f",
              "parentUUID": "6c13802e-6da0-4fa9-a6c5-f49e5e7e6229",
              "isHook": false,
              "skipped": false
            },
            {
              "title": "should initialize info",
              "fullTitle": "Garden Comms:  should initialize info",
              "timedOut": false,
              "duration": 2,
              "state": "passed",
              "speed": "fast",
              "pass": true,
              "fail": false,
              "pending": false,
              "context": null,
              "code": "chai.request(\"http://localhost:3000/garden/info\")\n    .get('/')\n    .end(function (err, res) {\n        console.log(res.body)\n        chai.expect(res).to.have.status(200);\n        done();\n    });",
              "err": {},
              "uuid": "4a9ab4c4-0e89-4332-9741-67fa9673e391",
              "parentUUID": "6c13802e-6da0-4fa9-a6c5-f49e5e7e6229",
              "isHook": false,
              "skipped": false
            }
          ],
          "suites": [],
          "passes": [
            "9dab55e0-5140-4cd5-8c9c-f726758c561e",
            "e66a7ec3-bf4f-4b5d-89a8-b6b46662425f",
            "4a9ab4c4-0e89-4332-9741-67fa9673e391"
          ],
          "failures": [],
          "pending": [],
          "skipped": [],
          "duration": 7,
          "root": false,
          "rootEmpty": false,
          "_timeout": 2000
        }
      ],
      "passes": [],
      "failures": [],
      "pending": [],
      "skipped": [],
      "duration": 0,
      "root": true,
      "rootEmpty": true,
      "_timeout": 2000
    }
  ],
  "meta": {
    "mocha": {
      "version": "9.1.0"
    },
    "mochawesome": {
      "options": {
        "quiet": false,
        "reportFilename": "mochawesome",
        "saveHtml": true,
        "saveJson": true,
        "consoleReporter": "spec",
        "useInlineDiffs": false,
        "code": true
      },
      "version": "6.2.2"
    },
    "marge": {
      "options": null,
      "version": "5.2.0"
    }
  }
}